<?xml version="1.0" encoding="UTF-8"?>
<robot generator="Robot 3.0.1rc1 (Python 3.7.6 on win32)" generated="20201218 12:43:55.439">
<suite id="s1" name="Test" source="D:\Projects\python\guest\rf_test\test.robot">
<test id="s1-t1" name="testcase">
<kw name="Log" library="BuiltIn">
<doc>Logs the given message with the given level.</doc>
<arguments>
<arg>robot framework</arg>
</arguments>
<msg timestamp="20201218 12:43:55.497" level="INFO">robot framework</msg>
<status status="PASS" starttime="20201218 12:43:55.496" endtime="20201218 12:43:55.497"></status>
</kw>
<status status="PASS" starttime="20201218 12:43:55.476" endtime="20201218 12:43:55.506" critical="yes"></status>
</test>
<status status="PASS" starttime="20201218 12:43:55.444" endtime="20201218 12:43:55.523"></status>
</suite>
<statistics>
<total>
<stat pass="1" fail="0">Critical Tests</stat>
<stat pass="1" fail="0">All Tests</stat>
</total>
<tag>
</tag>
<suite>
<stat pass="1" fail="0" id="s1" name="Test">Test</stat>
</suite>
</statistics>
<errors>
</errors>
</robot>
